{"C:\\Users\\vansh\\Desktop\\React\\src\\constant.js": {"path":"C:\\Users\\vansh\\Desktop\\React\\src\\constant.js","statementMap":{"0":{"start":{"line":1,"column":31},"end":{"line":1,"column":239}}},"fnMap":{},"branchMap":{},"s":{"0":1},"f":{},"b":{},"_coverageSchema":"1a1c01bbd47fc00a2c39e90264f33305004495a9","hash":"0a0c8a41cbf5ea552aa99038073370cbfc5f05bc"}
,"C:\\Users\\vansh\\Desktop\\React\\src\\Mocks\\data.js": {"path":"C:\\Users\\vansh\\Desktop\\React\\src\\Mocks\\data.js","statementMap":{"0":{"start":{"line":1,"column":31},"end":{"line":11891,"column":5}}},"fnMap":{},"branchMap":{},"s":{"0":1},"f":{},"b":{},"_coverageSchema":"1a1c01bbd47fc00a2c39e90264f33305004495a9","hash":"979f63115505147d9273122ada4990028004d6ca"}
,"C:\\Users\\vansh\\Desktop\\React\\src\\components\\Body.js": {"path":"C:\\Users\\vansh\\Desktop\\React\\src\\components\\Body.js","statementMap":{"0":{"start":{"line":11,"column":13},"end":{"line":75,"column":1}},"1":{"start":{"line":14,"column":34},"end":{"line":14,"column":46}},"2":{"start":{"line":15,"column":53},"end":{"line":15,"column":65}},"3":{"start":{"line":16,"column":41},"end":{"line":16,"column":53}},"4":{"start":{"line":18,"column":32},"end":{"line":18,"column":55}},"5":{"start":{"line":20,"column":0},"end":{"line":22,"column":6}},"6":{"start":{"line":21,"column":2},"end":{"line":21,"column":19}},"7":{"start":{"line":25,"column":17},"end":{"line":25,"column":46}},"8":{"start":{"line":26,"column":16},"end":{"line":26,"column":33}},"9":{"start":{"line":27,"column":4},"end":{"line":27,"column":89}},"10":{"start":{"line":28,"column":4},"end":{"line":28,"column":95}},"11":{"start":{"line":31,"column":17},"end":{"line":31,"column":28}},"12":{"start":{"line":33,"column":0},"end":{"line":35,"column":1}},"13":{"start":{"line":34,"column":4},"end":{"line":34,"column":59}},"14":{"start":{"line":37,"column":0},"end":{"line":43,"column":1}},"15":{"start":{"line":38,"column":4},"end":{"line":42,"column":5}},"16":{"start":{"line":44,"column":1},"end":{"line":74,"column":5}},"17":{"start":{"line":51,"column":117},"end":{"line":51,"column":146}},"18":{"start":{"line":53,"column":29},"end":{"line":53,"column":64}},"19":{"start":{"line":54,"column":16},"end":{"line":54,"column":45}},"20":{"start":{"line":58,"column":16},"end":{"line":61,"column":18}},"21":{"start":{"line":68,"column":12},"end":{"line":70,"column":13}}},"fnMap":{"0":{"name":"(anonymous_0)","decl":{"start":{"line":11,"column":13},"end":{"line":11,"column":14}},"loc":{"start":{"line":11,"column":23},"end":{"line":75,"column":1}},"line":11},"1":{"name":"(anonymous_1)","decl":{"start":{"line":20,"column":10},"end":{"line":20,"column":11}},"loc":{"start":{"line":20,"column":14},"end":{"line":22,"column":1}},"line":20},"2":{"name":"getRestaurants","decl":{"start":{"line":24,"column":15},"end":{"line":24,"column":29}},"loc":{"start":{"line":24,"column":31},"end":{"line":29,"column":1}},"line":24},"3":{"name":"(anonymous_3)","decl":{"start":{"line":51,"column":111},"end":{"line":51,"column":112}},"loc":{"start":{"line":51,"column":116},"end":{"line":51,"column":147}},"line":51},"4":{"name":"(anonymous_4)","decl":{"start":{"line":52,"column":119},"end":{"line":52,"column":120}},"loc":{"start":{"line":52,"column":123},"end":{"line":55,"column":13}},"line":52},"5":{"name":"(anonymous_5)","decl":{"start":{"line":57,"column":99},"end":{"line":57,"column":100}},"loc":{"start":{"line":57,"column":104},"end":{"line":62,"column":13}},"line":57},"6":{"name":"(anonymous_6)","decl":{"start":{"line":67,"column":36},"end":{"line":67,"column":37}},"loc":{"start":{"line":67,"column":50},"end":{"line":71,"column":12}},"line":67}},"branchMap":{"0":{"loc":{"start":{"line":33,"column":0},"end":{"line":35,"column":1}},"type":"if","locations":[{"start":{"line":33,"column":0},"end":{"line":35,"column":1}},{"start":{},"end":{}}],"line":33},"1":{"loc":{"start":{"line":37,"column":0},"end":{"line":43,"column":1}},"type":"if","locations":[{"start":{"line":37,"column":0},"end":{"line":43,"column":1}},{"start":{},"end":{}}],"line":37},"2":{"loc":{"start":{"line":37,"column":3},"end":{"line":37,"column":61}},"type":"binary-expr","locations":[{"start":{"line":37,"column":3},"end":{"line":37,"column":33}},{"start":{"line":37,"column":37},"end":{"line":37,"column":61}}],"line":37},"3":{"loc":{"start":{"line":44,"column":8},"end":{"line":74,"column":5}},"type":"cond-expr","locations":[{"start":{"line":45,"column":4},"end":{"line":47,"column":7}},{"start":{"line":49,"column":8},"end":{"line":73,"column":11}}],"line":44}},"s":{"0":1,"1":0,"2":0,"3":0,"4":0,"5":0,"6":0,"7":0,"8":0,"9":0,"10":0,"11":0,"12":0,"13":0,"14":0,"15":0,"16":0,"17":0,"18":0,"19":0,"20":0,"21":0},"f":{"0":0,"1":0,"2":0,"3":0,"4":0,"5":0,"6":0},"b":{"0":[0,0],"1":[0,0],"2":[0,0],"3":[0,0]},"_coverageSchema":"1a1c01bbd47fc00a2c39e90264f33305004495a9","hash":"f1089a9fcd8f142427be9caab5619ca9e62fe808"}
,"C:\\Users\\vansh\\Desktop\\React\\src\\components\\RestrauntCard.js": {"path":"C:\\Users\\vansh\\Desktop\\React\\src\\components\\RestrauntCard.js","statementMap":{"0":{"start":{"line":5,"column":22},"end":{"line":18,"column":1}},"1":{"start":{"line":7,"column":22},"end":{"line":7,"column":45}},"2":{"start":{"line":8,"column":4},"end":{"line":17,"column":5}}},"fnMap":{"0":{"name":"(anonymous_0)","decl":{"start":{"line":5,"column":22},"end":{"line":5,"column":23}},"loc":{"start":{"line":5,"column":83},"end":{"line":18,"column":1}},"line":5}},"branchMap":{},"s":{"0":1,"1":0,"2":0},"f":{"0":0},"b":{},"_coverageSchema":"1a1c01bbd47fc00a2c39e90264f33305004495a9","hash":"c0ec7152a1e141fb389f06a7b2ad0d608897f281"}
,"C:\\Users\\vansh\\Desktop\\React\\src\\components\\Shimmer.js": {"path":"C:\\Users\\vansh\\Desktop\\React\\src\\components\\Shimmer.js","statementMap":{"0":{"start":{"line":1,"column":15},"end":{"line":10,"column":1}},"1":{"start":{"line":2,"column":4},"end":{"line":9,"column":5}},"2":{"start":{"line":5,"column":42},"end":{"line":5,"column":85}}},"fnMap":{"0":{"name":"(anonymous_0)","decl":{"start":{"line":1,"column":15},"end":{"line":1,"column":16}},"loc":{"start":{"line":1,"column":19},"end":{"line":10,"column":1}},"line":1},"1":{"name":"(anonymous_1)","decl":{"start":{"line":5,"column":30},"end":{"line":5,"column":31}},"loc":{"start":{"line":5,"column":42},"end":{"line":5,"column":85}},"line":5}},"branchMap":{},"s":{"0":1,"1":1,"2":10},"f":{"0":1,"1":10},"b":{},"_coverageSchema":"1a1c01bbd47fc00a2c39e90264f33305004495a9","hash":"1f6081a9087c998d78ba7ad768d7f49f12c58722"}
,"C:\\Users\\vansh\\Desktop\\React\\src\\components\\Title.js": {"path":"C:\\Users\\vansh\\Desktop\\React\\src\\components\\Title.js","statementMap":{"0":{"start":{"line":8,"column":14},"end":{"line":10,"column":1}},"1":{"start":{"line":9,"column":4},"end":{"line":9,"column":174}},"2":{"start":{"line":12,"column":14},"end":{"line":39,"column":1}},"3":{"start":{"line":13,"column":38},"end":{"line":13,"column":53}},"4":{"start":{"line":14,"column":21},"end":{"line":14,"column":32}},"5":{"start":{"line":15,"column":22},"end":{"line":15,"column":45}},"6":{"start":{"line":16,"column":22},"end":{"line":16,"column":60}},"7":{"start":{"line":16,"column":43},"end":{"line":16,"column":59}},"8":{"start":{"line":17,"column":4},"end":{"line":17,"column":26}},"9":{"start":{"line":19,"column":4},"end":{"line":38,"column":5}},"10":{"start":{"line":36,"column":47},"end":{"line":36,"column":67}},"11":{"start":{"line":36,"column":109},"end":{"line":36,"column":128}}},"fnMap":{"0":{"name":"(anonymous_0)","decl":{"start":{"line":8,"column":14},"end":{"line":8,"column":15}},"loc":{"start":{"line":9,"column":4},"end":{"line":9,"column":174}},"line":9},"1":{"name":"(anonymous_1)","decl":{"start":{"line":12,"column":14},"end":{"line":12,"column":15}},"loc":{"start":{"line":12,"column":18},"end":{"line":39,"column":1}},"line":12},"2":{"name":"(anonymous_2)","decl":{"start":{"line":16,"column":34},"end":{"line":16,"column":35}},"loc":{"start":{"line":16,"column":43},"end":{"line":16,"column":59}},"line":16},"3":{"name":"(anonymous_3)","decl":{"start":{"line":36,"column":43},"end":{"line":36,"column":44}},"loc":{"start":{"line":36,"column":47},"end":{"line":36,"column":67}},"line":36},"4":{"name":"(anonymous_4)","decl":{"start":{"line":36,"column":105},"end":{"line":36,"column":106}},"loc":{"start":{"line":36,"column":109},"end":{"line":36,"column":128}},"line":36}},"branchMap":{"0":{"loc":{"start":{"line":31,"column":52},"end":{"line":31,"column":99}},"type":"cond-expr","locations":[{"start":{"line":31,"column":63},"end":{"line":31,"column":79}},{"start":{"line":31,"column":82},"end":{"line":31,"column":99}}],"line":31},"1":{"loc":{"start":{"line":36,"column":12},"end":{"line":36,"column":145}},"type":"cond-expr","locations":[{"start":{"line":36,"column":26},"end":{"line":36,"column":84}},{"start":{"line":36,"column":88},"end":{"line":36,"column":144}}],"line":36}},"s":{"0":1,"1":3,"2":1,"3":3,"4":3,"5":3,"6":3,"7":6,"8":3,"9":3,"10":0,"11":0},"f":{"0":3,"1":3,"2":6,"3":0,"4":0},"b":{"0":[3,0],"1":[0,3]},"_coverageSchema":"1a1c01bbd47fc00a2c39e90264f33305004495a9","hash":"706d35235907169718055428d431128d400e409c"}
,"C:\\Users\\vansh\\Desktop\\React\\src\\components\\sum.js": {"path":"C:\\Users\\vansh\\Desktop\\React\\src\\components\\sum.js","statementMap":{"0":{"start":{"line":1,"column":19},"end":{"line":1,"column":30}},"1":{"start":{"line":1,"column":27},"end":{"line":1,"column":30}}},"fnMap":{"0":{"name":"(anonymous_0)","decl":{"start":{"line":1,"column":19},"end":{"line":1,"column":20}},"loc":{"start":{"line":1,"column":27},"end":{"line":1,"column":30}},"line":1}},"branchMap":{},"s":{"0":1,"1":1},"f":{"0":1},"b":{},"_coverageSchema":"1a1c01bbd47fc00a2c39e90264f33305004495a9","hash":"a68f596950c6f8a3caca34cc6f0d2d66acbbd147"}
,"C:\\Users\\vansh\\Desktop\\React\\src\\utils\\cartSlice.js": {"path":"C:\\Users\\vansh\\Desktop\\React\\src\\utils\\cartSlice.js","statementMap":{"0":{"start":{"line":3,"column":18},"end":{"line":16,"column":2}},"1":{"start":{"line":10,"column":12},"end":{"line":10,"column":45}},"2":{"start":{"line":13,"column":12},"end":{"line":13,"column":29}},"3":{"start":{"line":18,"column":37},"end":{"line":18,"column":54}}},"fnMap":{"0":{"name":"(anonymous_0)","decl":{"start":{"line":9,"column":17},"end":{"line":9,"column":18}},"loc":{"start":{"line":9,"column":33},"end":{"line":11,"column":9}},"line":9},"1":{"name":"(anonymous_1)","decl":{"start":{"line":12,"column":19},"end":{"line":12,"column":20}},"loc":{"start":{"line":12,"column":28},"end":{"line":14,"column":9}},"line":12}},"branchMap":{},"s":{"0":2,"1":0,"2":0,"3":2},"f":{"0":0,"1":0},"b":{},"_coverageSchema":"1a1c01bbd47fc00a2c39e90264f33305004495a9","hash":"0123a3781fc3121cdde50b07644fb5bb25490338"}
,"C:\\Users\\vansh\\Desktop\\React\\src\\utils\\helper.js": {"path":"C:\\Users\\vansh\\Desktop\\React\\src\\utils\\helper.js","statementMap":{"0":{"start":{"line":2,"column":16},"end":{"line":3,"column":94}},"1":{"start":{"line":3,"column":9},"end":{"line":3,"column":93}},"2":{"start":{"line":4,"column":4},"end":{"line":4,"column":16}}},"fnMap":{"0":{"name":"filterData","decl":{"start":{"line":1,"column":16},"end":{"line":1,"column":26}},"loc":{"start":{"line":1,"column":51},"end":{"line":6,"column":1}},"line":1},"1":{"name":"(anonymous_1)","decl":{"start":{"line":2,"column":37},"end":{"line":2,"column":38}},"loc":{"start":{"line":3,"column":9},"end":{"line":3,"column":93}},"line":3}},"branchMap":{},"s":{"0":0,"1":0,"2":0},"f":{"0":0,"1":0},"b":{},"_coverageSchema":"1a1c01bbd47fc00a2c39e90264f33305004495a9","hash":"c52ad6d364846f84c696ee98a9f0d1e315c66b20"}
,"C:\\Users\\vansh\\Desktop\\React\\src\\utils\\store.js": {"path":"C:\\Users\\vansh\\Desktop\\React\\src\\utils\\store.js","statementMap":{"0":{"start":{"line":4,"column":14},"end":{"line":8,"column":2}}},"fnMap":{},"branchMap":{},"s":{"0":2},"f":{},"b":{},"_coverageSchema":"1a1c01bbd47fc00a2c39e90264f33305004495a9","hash":"9e3923e6b74d2b9c5de30b7ad43876c0f574667e"}
,"C:\\Users\\vansh\\Desktop\\React\\src\\utils\\useAuth.js": {"path":"C:\\Users\\vansh\\Desktop\\React\\src\\utils\\useAuth.js","statementMap":{"0":{"start":{"line":3,"column":16},"end":{"line":15,"column":1}},"1":{"start":{"line":5,"column":38},"end":{"line":5,"column":53}},"2":{"start":{"line":13,"column":4},"end":{"line":13,"column":22}}},"fnMap":{"0":{"name":"(anonymous_0)","decl":{"start":{"line":3,"column":16},"end":{"line":3,"column":17}},"loc":{"start":{"line":3,"column":20},"end":{"line":15,"column":1}},"line":3}},"branchMap":{},"s":{"0":1,"1":0,"2":0},"f":{"0":0},"b":{},"_coverageSchema":"1a1c01bbd47fc00a2c39e90264f33305004495a9","hash":"62ae82764c69c39dc045688214d8a2d4b7c2f50f"}
,"C:\\Users\\vansh\\Desktop\\React\\src\\utils\\useOnline.js": {"path":"C:\\Users\\vansh\\Desktop\\React\\src\\utils\\useOnline.js","statementMap":{"0":{"start":{"line":3,"column":18},"end":{"line":25,"column":1}},"1":{"start":{"line":4,"column":35},"end":{"line":4,"column":49}},"2":{"start":{"line":6,"column":5},"end":{"line":22,"column":11}},"3":{"start":{"line":8,"column":29},"end":{"line":10,"column":10}},"4":{"start":{"line":9,"column":12},"end":{"line":9,"column":30}},"5":{"start":{"line":11,"column":30},"end":{"line":13,"column":9}},"6":{"start":{"line":12,"column":12},"end":{"line":12,"column":31}},"7":{"start":{"line":15,"column":8},"end":{"line":15,"column":55}},"8":{"start":{"line":16,"column":8},"end":{"line":16,"column":56}},"9":{"start":{"line":18,"column":8},"end":{"line":21,"column":10}},"10":{"start":{"line":19,"column":12},"end":{"line":19,"column":63}},"11":{"start":{"line":20,"column":12},"end":{"line":20,"column":64}},"12":{"start":{"line":24,"column":4},"end":{"line":24,"column":20}}},"fnMap":{"0":{"name":"(anonymous_0)","decl":{"start":{"line":3,"column":18},"end":{"line":3,"column":19}},"loc":{"start":{"line":3,"column":22},"end":{"line":25,"column":1}},"line":3},"1":{"name":"(anonymous_1)","decl":{"start":{"line":6,"column":15},"end":{"line":6,"column":16}},"loc":{"start":{"line":6,"column":19},"end":{"line":22,"column":6}},"line":6},"2":{"name":"(anonymous_2)","decl":{"start":{"line":8,"column":29},"end":{"line":8,"column":30}},"loc":{"start":{"line":8,"column":33},"end":{"line":10,"column":10}},"line":8},"3":{"name":"(anonymous_3)","decl":{"start":{"line":11,"column":30},"end":{"line":11,"column":31}},"loc":{"start":{"line":11,"column":34},"end":{"line":13,"column":9}},"line":11},"4":{"name":"(anonymous_4)","decl":{"start":{"line":18,"column":15},"end":{"line":18,"column":16}},"loc":{"start":{"line":18,"column":19},"end":{"line":21,"column":10}},"line":18}},"branchMap":{},"s":{"0":2,"1":3,"2":3,"3":3,"4":0,"5":3,"6":0,"7":3,"8":3,"9":3,"10":3,"11":3,"12":3},"f":{"0":3,"1":3,"2":0,"3":0,"4":3},"b":{},"_coverageSchema":"1a1c01bbd47fc00a2c39e90264f33305004495a9","hash":"b323d3aa6ec5b0969daed0dfa8347ac2923e79d3"}
,"C:\\Users\\vansh\\Desktop\\React\\src\\utils\\userContext.js": {"path":"C:\\Users\\vansh\\Desktop\\React\\src\\utils\\userContext.js","statementMap":{"0":{"start":{"line":3,"column":20},"end":{"line":8,"column":2}}},"fnMap":{},"branchMap":{},"s":{"0":2},"f":{},"b":{},"_coverageSchema":"1a1c01bbd47fc00a2c39e90264f33305004495a9","hash":"25f34f188792d4ed5c623554100f1304f46c5aef"}
}
