TN:
SF:src\constant.js
FNF:0
FNH:0
DA:1,1
LF:1
LH:1
BRF:0
BRH:0
end_of_record
TN:
SF:src\Mocks\data.js
FNF:0
FNH:0
DA:1,1
LF:1
LH:1
BRF:0
BRH:0
end_of_record
TN:
SF:src\components\Body.js
FN:11,(anonymous_0)
FN:20,(anonymous_1)
FN:24,getRestaurants
FN:51,(anonymous_3)
FN:52,(anonymous_4)
FN:57,(anonymous_5)
FN:67,(anonymous_6)
FNF:7
FNH:0
FNDA:0,(anonymous_0)
FNDA:0,(anonymous_1)
FNDA:0,getRestaurants
FNDA:0,(anonymous_3)
FNDA:0,(anonymous_4)
FNDA:0,(anonymous_5)
FNDA:0,(anonymous_6)
DA:11,1
DA:14,0
DA:15,0
DA:16,0
DA:18,0
DA:20,0
DA:21,0
DA:25,0
DA:26,0
DA:27,0
DA:28,0
DA:31,0
DA:33,0
DA:34,0
DA:37,0
DA:38,0
DA:44,0
DA:51,0
DA:53,0
DA:54,0
DA:58,0
DA:68,0
LF:22
LH:1
BRDA:33,0,0,0
BRDA:33,0,1,0
BRDA:37,1,0,0
BRDA:37,1,1,0
BRDA:37,2,0,0
BRDA:37,2,1,0
BRDA:44,3,0,0
BRDA:44,3,1,0
BRF:8
BRH:0
end_of_record
TN:
SF:src\components\RestrauntCard.js
FN:5,(anonymous_0)
FNF:1
FNH:0
FNDA:0,(anonymous_0)
DA:5,1
DA:7,0
DA:8,0
LF:3
LH:1
BRF:0
BRH:0
end_of_record
TN:
SF:src\components\Shimmer.js
FN:1,(anonymous_0)
FN:5,(anonymous_1)
FNF:2
FNH:2
FNDA:1,(anonymous_0)
FNDA:10,(anonymous_1)
DA:1,1
DA:2,1
DA:5,10
LF:3
LH:3
BRF:0
BRH:0
end_of_record
TN:
SF:src\components\Title.js
FN:8,(anonymous_0)
FN:12,(anonymous_1)
FN:16,(anonymous_2)
FN:36,(anonymous_3)
FN:36,(anonymous_4)
FNF:5
FNH:3
FNDA:3,(anonymous_0)
FNDA:3,(anonymous_1)
FNDA:6,(anonymous_2)
FNDA:0,(anonymous_3)
FNDA:0,(anonymous_4)
DA:8,1
DA:9,3
DA:12,1
DA:13,3
DA:14,3
DA:15,3
DA:16,6
DA:17,3
DA:19,3
DA:36,0
LF:10
LH:9
BRDA:31,0,0,3
BRDA:31,0,1,0
BRDA:36,1,0,0
BRDA:36,1,1,3
BRF:4
BRH:2
end_of_record
TN:
SF:src\components\sum.js
FN:1,(anonymous_0)
FNF:1
FNH:1
FNDA:1,(anonymous_0)
DA:1,1
LF:1
LH:1
BRF:0
BRH:0
end_of_record
TN:
SF:src\utils\cartSlice.js
FN:9,(anonymous_0)
FN:12,(anonymous_1)
FNF:2
FNH:0
FNDA:0,(anonymous_0)
FNDA:0,(anonymous_1)
DA:3,2
DA:10,0
DA:13,0
DA:18,2
LF:4
LH:2
BRF:0
BRH:0
end_of_record
TN:
SF:src\utils\helper.js
FN:1,filterData
FN:2,(anonymous_1)
FNF:2
FNH:0
FNDA:0,filterData
FNDA:0,(anonymous_1)
DA:2,0
DA:3,0
DA:4,0
LF:3
LH:0
BRF:0
BRH:0
end_of_record
TN:
SF:src\utils\store.js
FNF:0
FNH:0
DA:4,2
LF:1
LH:1
BRF:0
BRH:0
end_of_record
TN:
SF:src\utils\useAuth.js
FN:3,(anonymous_0)
FNF:1
FNH:0
FNDA:0,(anonymous_0)
DA:3,1
DA:5,0
DA:13,0
LF:3
LH:1
BRF:0
BRH:0
end_of_record
TN:
SF:src\utils\useOnline.js
FN:3,(anonymous_0)
FN:6,(anonymous_1)
FN:8,(anonymous_2)
FN:11,(anonymous_3)
FN:18,(anonymous_4)
FNF:5
FNH:3
FNDA:3,(anonymous_0)
FNDA:3,(anonymous_1)
FNDA:0,(anonymous_2)
FNDA:0,(anonymous_3)
FNDA:3,(anonymous_4)
DA:3,2
DA:4,3
DA:6,3
DA:8,3
DA:9,0
DA:11,3
DA:12,0
DA:15,3
DA:16,3
DA:18,3
DA:19,3
DA:20,3
DA:24,3
LF:13
LH:11
BRF:0
BRH:0
end_of_record
TN:
SF:src\utils\userContext.js
FNF:0
FNH:0
DA:3,2
LF:1
LH:1
BRF:0
BRH:0
end_of_record
